<?xml version="1.0" encoding="UTF-8"?>
<!-- Generated by org.testng.reporters.JUnitXMLReporter -->
<testsuite hostname="Soumyak-iMac" ignored="0" name="Audience Builder UI: Demographic_Targeting_Gender_Language" tests="1" failures="1" timestamp="11 Jun 2018 12:40:45 GMT" time="463.975" errors="0">
  <testcase name="feature" time="462.52" classname="cucumber.api.testng.AbstractTestNGCucumberTests">
    <failure type="cucumber.runtime.CucumberException" message="java.lang.NullPointerException">
      <![CDATA[cucumber.runtime.CucumberException: java.lang.NullPointerExceptionat cucumber.api.testng.TestNGCucumberRunner.runCucumber(TestNGCucumberRunner.java:69)at cucumber.api.testng.AbstractTestNGCucumberTests.feature(AbstractTestNGCucumberTests.java:21)Caused by: java.lang.NullPointerExceptionat StepDefinitions_With_Maps.Audience_Builder_UI_Demographic_Targeting.user_validates_the_Add_All_button_functionality(Audience_Builder_UI_Demographic_Targeting.java:789)at ✽.Then user validates the Add All button functionality(/Users/soumyak/Documents/workspace/BDD_CucumberProject_using_TestNG/src/test/java/Feature_File_With_Maps/Demographic_Targeting.feature:56)... Removed 25 stack frames]]>
    </failure>
  </testcase> <!-- feature -->
</testsuite> <!-- Audience Builder UI: Demographic_Targeting_Gender_Language -->
